[debug] [2021-09-11T01:11:55.561Z] ----------------------------------------------------------------------
[debug] [2021-09-11T01:11:55.562Z] Command:       /Users/atlantis/.nvm/versions/node/v16.7.0/bin/node /Users/atlantis/Desktop/xSurge/GitHub/Webpage-React/node_modules/.bin/firebase init
[debug] [2021-09-11T01:11:55.562Z] CLI Version:   9.18.0
[debug] [2021-09-11T01:11:55.562Z] Platform:      darwin
[debug] [2021-09-11T01:11:55.562Z] Node Version:  v16.7.0
[debug] [2021-09-11T01:11:55.568Z] Time:          Fri Sep 10 2021 21:11:55 GMT-0400 (Eastern Daylight Time)
[debug] [2021-09-11T01:11:55.568Z] ----------------------------------------------------------------------
[debug] 
[debug] [2021-09-11T01:11:55.570Z] >>> [apiv2][query] GET https://firebase-public.firebaseio.com/cli.json [none]
[debug] [2021-09-11T01:11:55.589Z] > command requires scopes: ["email","openid","https://www.googleapis.com/auth/cloudplatformprojects.readonly","https://www.googleapis.com/auth/firebase","https://www.googleapis.com/auth/cloud-platform"]
[debug] [2021-09-11T01:11:55.590Z] > authorizing via signed-in user (s.hall@thesubservice.com)
[info] 
     ######## #### ########  ######## ########     ###     ######  ########
     ##        ##  ##     ## ##       ##     ##  ##   ##  ##       ##
     ######    ##  ########  ######   ########  #########  ######  ######
     ##        ##  ##    ##  ##       ##     ## ##     ##       ## ##
     ##       #### ##     ## ######## ########  ##     ##  ######  ########

You're about to initialize a Firebase project in this directory:

  /Users/atlantis/Desktop/xSurge/GitHub/Webpage-React

[debug] [2021-09-11T01:11:55.882Z] <<< [apiv2][status] GET https://firebase-public.firebaseio.com/cli.json 200
[debug] [2021-09-11T01:11:55.883Z] <<< [apiv2][body] GET https://firebase-public.firebaseio.com/cli.json {"cloudBuildErrorAfter":1594252800000,"cloudBuildWarnAfter":1590019200000,"defaultNode10After":1594252800000,"minVersion":"3.0.5","node8DeploysDisabledAfter":1613390400000,"node8RuntimeDisabledAfter":1615809600000,"node8WarnAfter":1600128000000}
[info] 
=== Project Setup
[info] 
[info] First, let's associate this project directory with a Firebase project.
[info] You can create multiple project aliases by running firebase use --add, 
[info] but for now we'll just set up a default project.
[info] 
[debug] [2021-09-11T01:13:00.582Z] > refreshing access token with scopes: []
[debug] [2021-09-11T01:13:00.583Z] >>> HTTP REQUEST POST https://www.googleapis.com/oauth2/v3/token  
 <request body omitted>
[debug] [2021-09-11T01:13:00.709Z] <<< HTTP RESPONSE 400 {"cache-control":"no-cache, no-store, max-age=0, must-revalidate","date":"Sat, 11 Sep 2021 01:13:01 GMT","pragma":"no-cache","expires":"Mon, 01 Jan 1990 00:00:00 GMT","content-type":"application/json; charset=utf-8","vary":"X-Origin, Referer, Origin,Accept-Encoding","server":"scaffolding on HTTPServer2","x-xss-protection":"0","x-frame-options":"SAMEORIGIN","x-content-type-options":"nosniff","alt-svc":"h3=\":443\"; ma=2592000,h3-29=\":443\"; ma=2592000,h3-T051=\":443\"; ma=2592000,h3-Q050=\":443\"; ma=2592000,h3-Q046=\":443\"; ma=2592000,h3-Q043=\":443\"; ma=2592000,quic=\":443\"; ma=2592000; v=\"46,43\"","accept-ranges":"none","transfer-encoding":"chunked"}
[debug] [2021-09-11T01:13:00.710Z] >>> [apiv2][query] GET https://firebase.googleapis.com/v1beta1/projects pageSize=100
[debug] [2021-09-11T01:13:00.939Z] <<< [apiv2][status] GET https://firebase.googleapis.com/v1beta1/projects 401
[debug] [2021-09-11T01:13:00.939Z] <<< [apiv2][body] GET https://firebase.googleapis.com/v1beta1/projects [omitted]
[debug] [2021-09-11T01:13:00.940Z] HTTP Error: 401, Request had invalid authentication credentials. Expected OAuth 2 access token, login cookie or other valid authentication credential. See https://developers.google.com/identity/sign-in/web/devconsole-project.
[debug] [2021-09-11T01:13:01.054Z] FirebaseError: HTTP Error: 401, Request had invalid authentication credentials. Expected OAuth 2 access token, login cookie or other valid authentication credential. See https://developers.google.com/identity/sign-in/web/devconsole-project.
    at module.exports (/Users/atlantis/Desktop/xSurge/GitHub/Webpage-React/node_modules/firebase-tools/lib/responseToError.js:38:12)
    at Client.doRequest (/Users/atlantis/Desktop/xSurge/GitHub/Webpage-React/node_modules/firebase-tools/lib/apiv2.js:238:23)
    at processTicksAndRejections (node:internal/process/task_queues:96:5)
    at async Client.request (/Users/atlantis/Desktop/xSurge/GitHub/Webpage-React/node_modules/firebase-tools/lib/apiv2.js:96:20)
    at async getProjectPage (/Users/atlantis/Desktop/xSurge/GitHub/Webpage-React/node_modules/firebase-tools/lib/management/projects.js:233:17)
    at async getFirebaseProjectPage (/Users/atlantis/Desktop/xSurge/GitHub/Webpage-React/node_modules/firebase-tools/lib/management/projects.js:250:23)
    at async selectProjectInteractively (/Users/atlantis/Desktop/xSurge/GitHub/Webpage-React/node_modules/firebase-tools/lib/management/projects.js:95:41)
    at async Object.doSetup [as project] (/Users/atlantis/Desktop/xSurge/GitHub/Webpage-React/node_modules/firebase-tools/lib/init/features/project.js:87:27)
    at async init (/Users/atlantis/Desktop/xSurge/GitHub/Webpage-React/node_modules/firebase-tools/lib/init/index.js:19:9)
[error] 
[error] Error: Failed to list Firebase projects. See firebase-debug.log for more info.
